2024-06-12 17:48:48,305 INFO Node <naming_service_metadata/d6a1a41d65ec:7848> shutdown, currTerm=4 state=STATE_LEADER.

2024-06-12 17:48:50,209 INFO onLeaderStop: status=Status[ESHUTDOWN<1007>: Raft node is going to quit.].

2024-06-12 17:48:50,209 INFO Fail to find the next candidate.

2024-06-12 17:48:50,232 INFO Save raft meta, path=/home/nacos/data/protocol/raft/naming_service_metadata/meta-data, term=4, votedFor=d6a1a41d65ec:7848, cost time=19 ms

2024-06-12 17:48:50,233 INFO Shutting down FSMCaller...

2024-06-12 17:48:50,234 INFO onShutdown.

2024-06-12 17:48:50,236 INFO ThreadPool is terminated: JRaft-RPC-Processor, com.alipay.sofa.jraft.util.MetricThreadPoolExecutor@5af49d5a[Shutting down, pool size = 0, active threads = 0, queued tasks = 0, completed tasks = 0].

2024-06-12 17:48:50,237 INFO ThreadPool is terminated: JRaft-Node-ScheduleThreadPool, com.alipay.sofa.jraft.util.MetricScheduledThreadPoolExecutor@45a6f301[Shutting down, pool size = 0, active threads = 0, queued tasks = 0, completed tasks = 0].

2024-06-12 17:48:50,238 INFO The number of active nodes decrement to 2.

2024-06-12 17:48:50,238 INFO Destroy timer: RepeatedTimer{timeout=null, stopped=true, running=false, destroyed=true, invoking=false, timeoutMs=5000, name='JRaft-ElectionTimer-<naming_service_metadata/d6a1a41d65ec:7848>'}.

2024-06-12 17:48:50,239 INFO Destroy timer: RepeatedTimer{timeout=null, stopped=true, running=false, destroyed=true, invoking=false, timeoutMs=5000, name='JRaft-VoteTimer-<naming_service_metadata/d6a1a41d65ec:7848>'}.

2024-06-12 17:48:50,239 INFO Destroy timer: RepeatedTimer{timeout=null, stopped=true, running=false, destroyed=true, invoking=false, timeoutMs=2500, name='JRaft-StepDownTimer-<naming_service_metadata/d6a1a41d65ec:7848>'}.

2024-06-12 17:48:50,240 INFO Destroy timer: RepeatedTimer{timeout=null, stopped=true, running=false, destroyed=true, invoking=false, timeoutMs=1800000, name='JRaft-SnapshotTimer-<naming_service_metadata/d6a1a41d65ec:7848>'}.

2024-06-12 17:48:50,241 INFO Node <naming_service_metadata/d6a1a41d65ec:7848> shutdown, currTerm=4 state=STATE_SHUTTING.

2024-06-12 17:48:50,242 INFO Stop the RaftGroupService successfully.

2024-06-12 17:48:50,243 INFO Node <naming_instance_metadata/d6a1a41d65ec:7848> shutdown, currTerm=4 state=STATE_LEADER.

2024-06-12 17:48:50,243 INFO Fail to find the next candidate.

2024-06-12 17:48:50,243 INFO onLeaderStop: status=Status[ESHUTDOWN<1007>: Raft node is going to quit.].

2024-06-12 17:48:50,263 INFO Save raft meta, path=/home/nacos/data/protocol/raft/naming_instance_metadata/meta-data, term=4, votedFor=d6a1a41d65ec:7848, cost time=18 ms

2024-06-12 17:48:50,264 INFO Shutting down FSMCaller...

2024-06-12 17:48:50,265 INFO onShutdown.

2024-06-12 17:48:50,266 INFO ThreadPool is terminated: JRaft-RPC-Processor, com.alipay.sofa.jraft.util.MetricThreadPoolExecutor@115b032[Shutting down, pool size = 0, active threads = 0, queued tasks = 0, completed tasks = 0].

2024-06-12 17:48:50,266 INFO ThreadPool is terminated: JRaft-Node-ScheduleThreadPool, com.alipay.sofa.jraft.util.MetricScheduledThreadPoolExecutor@7f75e307[Shutting down, pool size = 0, active threads = 0, queued tasks = 0, completed tasks = 0].

2024-06-12 17:48:50,266 INFO The number of active nodes decrement to 1.

2024-06-12 17:48:50,267 INFO Destroy timer: RepeatedTimer{timeout=null, stopped=true, running=false, destroyed=true, invoking=false, timeoutMs=5000, name='JRaft-ElectionTimer-<naming_instance_metadata/d6a1a41d65ec:7848>'}.

2024-06-12 17:48:50,267 INFO Destroy timer: RepeatedTimer{timeout=null, stopped=true, running=false, destroyed=true, invoking=false, timeoutMs=5000, name='JRaft-VoteTimer-<naming_instance_metadata/d6a1a41d65ec:7848>'}.

2024-06-12 17:48:50,268 INFO Destroy timer: RepeatedTimer{timeout=null, stopped=true, running=false, destroyed=true, invoking=false, timeoutMs=2500, name='JRaft-StepDownTimer-<naming_instance_metadata/d6a1a41d65ec:7848>'}.

2024-06-12 17:48:50,269 INFO Destroy timer: RepeatedTimer{timeout=null, stopped=true, running=false, destroyed=true, invoking=false, timeoutMs=1800000, name='JRaft-SnapshotTimer-<naming_instance_metadata/d6a1a41d65ec:7848>'}.

2024-06-12 17:48:50,271 INFO Node <naming_instance_metadata/d6a1a41d65ec:7848> shutdown, currTerm=4 state=STATE_SHUTTING.

2024-06-12 17:48:50,272 INFO Stop the RaftGroupService successfully.

2024-06-12 17:48:50,273 INFO Node <naming_persistent_service_v2/d6a1a41d65ec:7848> shutdown, currTerm=4 state=STATE_LEADER.

2024-06-12 17:48:50,274 INFO onLeaderStop: status=Status[ESHUTDOWN<1007>: Raft node is going to quit.].

2024-06-12 17:48:50,274 INFO Fail to find the next candidate.

2024-06-12 17:48:50,291 INFO Save raft meta, path=/home/nacos/data/protocol/raft/naming_persistent_service_v2/meta-data, term=4, votedFor=d6a1a41d65ec:7848, cost time=14 ms

2024-06-12 17:48:50,291 INFO Shutting down FSMCaller...

2024-06-12 17:48:50,292 INFO onShutdown.

2024-06-12 17:48:50,293 INFO ThreadPool is terminated: JRaft-RPC-Processor, com.alipay.sofa.jraft.util.MetricThreadPoolExecutor@4c4bf62e[Shutting down, pool size = 0, active threads = 0, queued tasks = 0, completed tasks = 0].

2024-06-12 17:48:50,293 INFO ThreadPool is terminated: JRaft-Node-ScheduleThreadPool, com.alipay.sofa.jraft.util.MetricScheduledThreadPoolExecutor@3e873a5d[Shutting down, pool size = 0, active threads = 0, queued tasks = 0, completed tasks = 0].

2024-06-12 17:48:50,293 INFO The number of active nodes decrement to 0.

2024-06-12 17:48:50,295 INFO ThreadPool is terminated: JRaft-Global-ElectionTimer, com.alipay.sofa.jraft.util.MetricScheduledThreadPoolExecutor@728ee3e8[Shutting down, pool size = 0, active threads = 0, queued tasks = 0, completed tasks = 3].

2024-06-12 17:48:50,296 INFO Destroy timer: RepeatedTimer{timeout=null, stopped=true, running=false, destroyed=true, invoking=false, timeoutMs=5000, name='JRaft-ElectionTimer-<naming_persistent_service_v2/d6a1a41d65ec:7848>'}.

2024-06-12 17:48:50,296 INFO ThreadPool is terminated: JRaft-Global-VoteTimer, com.alipay.sofa.jraft.util.MetricScheduledThreadPoolExecutor@12bf999f[Shutting down, pool size = 2, active threads = 0, queued tasks = 0, completed tasks = 3].

2024-06-12 17:48:50,297 INFO Destroy timer: RepeatedTimer{timeout=null, stopped=true, running=false, destroyed=true, invoking=false, timeoutMs=5000, name='JRaft-VoteTimer-<naming_persistent_service_v2/d6a1a41d65ec:7848>'}.

2024-06-12 17:48:50,297 INFO ThreadPool is terminated: JRaft-Global-StepDownTimer, com.alipay.sofa.jraft.util.MetricScheduledThreadPoolExecutor@219cb9b[Shutting down, pool size = 0, active threads = 0, queued tasks = 0, completed tasks = 77923].

2024-06-12 17:48:50,298 INFO Destroy timer: RepeatedTimer{timeout=null, stopped=true, running=false, destroyed=true, invoking=false, timeoutMs=2500, name='JRaft-StepDownTimer-<naming_persistent_service_v2/d6a1a41d65ec:7848>'}.

2024-06-12 17:48:50,298 INFO ThreadPool is terminated: JRaft-Global-SnapshotTimer, com.alipay.sofa.jraft.util.MetricScheduledThreadPoolExecutor@6eedab6c[Shutting down, pool size = 0, active threads = 0, queued tasks = 0, completed tasks = 108].

2024-06-12 17:48:50,299 INFO Destroy timer: RepeatedTimer{timeout=null, stopped=true, running=false, destroyed=true, invoking=false, timeoutMs=1800000, name='JRaft-SnapshotTimer-<naming_persistent_service_v2/d6a1a41d65ec:7848>'}.

2024-06-12 17:48:50,300 INFO Node <naming_persistent_service_v2/d6a1a41d65ec:7848> shutdown, currTerm=4 state=STATE_SHUTTING.

2024-06-12 17:48:50,301 INFO Stop the RaftGroupService successfully.

2024-06-12 17:48:50,302 INFO Shutdown managed channel: d6a1a41d65ec:7848, ManagedChannelOrphanWrapper{delegate=ManagedChannelImpl{logId=10, target=d6a1a41d65ec:7848}}.

2024-06-12 17:48:50,307 INFO Connection disconnected: /172.25.0.3:56334

2024-06-12 17:48:50,311 INFO ThreadPool is terminated: JRaft-RPC-Processor, com.alipay.sofa.jraft.util.MetricThreadPoolExecutor@6c4a1cab[Shutting down, pool size = 0, active threads = 0, queued tasks = 0, completed tasks = 54750].

