2024-06-12 09:16:14,244 WARN clearConfigHistory start

2024-06-12 09:16:14,687 INFO [capacityManagement] start correct usage

2024-06-12 09:16:14,759 INFO [capacityManagement] end correct usage, cost: 0s

2024-06-12 09:26:14,418 WARN clearConfigHistory start

2024-06-12 09:26:14,762 INFO [capacityManagement] start correct usage

2024-06-12 09:26:14,764 INFO [capacityManagement] end correct usage, cost: 0s

2024-06-12 09:36:14,428 WARN clearConfigHistory start

2024-06-12 09:36:14,765 INFO [capacityManagement] start correct usage

2024-06-12 09:36:14,771 INFO [capacityManagement] end correct usage, cost: 0s

2024-06-12 09:46:14,431 WARN clearConfigHistory start

2024-06-12 09:46:14,776 INFO [capacityManagement] start correct usage

2024-06-12 09:46:14,832 INFO [capacityManagement] end correct usage, cost: 0s

2024-06-12 09:56:14,581 WARN clearConfigHistory start

2024-06-12 09:56:14,834 INFO [capacityManagement] start correct usage

2024-06-12 09:56:14,837 INFO [capacityManagement] end correct usage, cost: 0s

2024-06-12 10:06:14,584 WARN clearConfigHistory start

2024-06-12 10:06:14,839 INFO [capacityManagement] start correct usage

2024-06-12 10:06:14,840 INFO [capacityManagement] end correct usage, cost: 0s

2024-06-12 10:16:14,587 WARN clearConfigHistory start

2024-06-12 10:16:14,842 INFO [capacityManagement] start correct usage

2024-06-12 10:16:14,909 INFO [capacityManagement] end correct usage, cost: 0s

2024-06-12 10:26:14,623 WARN clearConfigHistory start

2024-06-12 10:26:14,911 INFO [capacityManagement] start correct usage

2024-06-12 10:26:14,915 INFO [capacityManagement] end correct usage, cost: 0s

2024-06-12 10:36:14,634 WARN clearConfigHistory start

2024-06-12 10:36:14,922 INFO [capacityManagement] start correct usage

2024-06-12 10:36:14,925 INFO [capacityManagement] end correct usage, cost: 0s

2024-06-12 10:46:14,637 WARN clearConfigHistory start

2024-06-12 10:46:14,926 INFO [capacityManagement] start correct usage

2024-06-12 10:46:14,949 INFO [capacityManagement] end correct usage, cost: 0s

2024-06-12 10:56:14,663 WARN clearConfigHistory start

2024-06-12 10:56:14,957 INFO [capacityManagement] start correct usage

2024-06-12 10:56:14,960 INFO [capacityManagement] end correct usage, cost: 0s

2024-06-12 11:06:14,669 WARN clearConfigHistory start

2024-06-12 11:06:14,961 INFO [capacityManagement] start correct usage

2024-06-12 11:06:14,963 INFO [capacityManagement] end correct usage, cost: 0s

2024-06-12 11:16:14,672 WARN clearConfigHistory start

2024-06-12 11:16:14,965 INFO [capacityManagement] start correct usage

2024-06-12 11:16:14,968 INFO [capacityManagement] end correct usage, cost: 0s

2024-06-12 11:26:14,674 WARN clearConfigHistory start

2024-06-12 11:26:14,969 INFO [capacityManagement] start correct usage

2024-06-12 11:26:14,971 INFO [capacityManagement] end correct usage, cost: 0s

2024-06-12 11:36:14,680 WARN clearConfigHistory start

2024-06-12 11:36:14,974 INFO [capacityManagement] start correct usage

2024-06-12 11:36:14,977 INFO [capacityManagement] end correct usage, cost: 0s

2024-06-12 11:46:14,684 WARN clearConfigHistory start

2024-06-12 11:46:14,978 INFO [capacityManagement] start correct usage

2024-06-12 11:46:14,981 INFO [capacityManagement] end correct usage, cost: 0s

2024-06-12 11:56:14,688 WARN clearConfigHistory start

2024-06-12 11:56:14,983 INFO [capacityManagement] start correct usage

2024-06-12 11:56:14,986 INFO [capacityManagement] end correct usage, cost: 0s

2024-06-12 12:06:14,693 WARN clearConfigHistory start

2024-06-12 12:06:14,988 INFO [capacityManagement] start correct usage

2024-06-12 12:06:14,991 INFO [capacityManagement] end correct usage, cost: 0s

2024-06-12 12:16:14,697 WARN clearConfigHistory start

2024-06-12 12:16:14,995 INFO [capacityManagement] start correct usage

2024-06-12 12:16:14,997 INFO [capacityManagement] end correct usage, cost: 0s

2024-06-12 12:26:14,703 WARN clearConfigHistory start

2024-06-12 12:26:15,007 INFO [capacityManagement] start correct usage

2024-06-12 12:26:15,012 INFO [capacityManagement] end correct usage, cost: 0s

2024-06-12 12:36:14,713 WARN clearConfigHistory start

2024-06-12 12:36:15,018 INFO [capacityManagement] start correct usage

2024-06-12 12:36:15,025 INFO [capacityManagement] end correct usage, cost: 0s

2024-06-12 12:46:14,720 WARN clearConfigHistory start

2024-06-12 12:46:15,032 INFO [capacityManagement] start correct usage

2024-06-12 12:46:15,033 INFO [capacityManagement] end correct usage, cost: 0s

2024-06-12 12:56:14,725 WARN clearConfigHistory start

2024-06-12 12:56:15,036 INFO [capacityManagement] start correct usage

2024-06-12 12:56:15,043 INFO [capacityManagement] end correct usage, cost: 0s

2024-06-12 13:06:14,733 WARN clearConfigHistory start

2024-06-12 13:06:15,047 INFO [capacityManagement] start correct usage

2024-06-12 13:06:15,049 INFO [capacityManagement] end correct usage, cost: 0s

2024-06-12 13:16:14,738 WARN clearConfigHistory start

2024-06-12 13:16:15,052 INFO [capacityManagement] start correct usage

2024-06-12 13:16:15,054 INFO [capacityManagement] end correct usage, cost: 0s

2024-06-12 13:26:14,742 WARN clearConfigHistory start

2024-06-12 13:26:15,056 INFO [capacityManagement] start correct usage

2024-06-12 13:26:15,061 INFO [capacityManagement] end correct usage, cost: 0s

2024-06-12 13:36:14,746 WARN clearConfigHistory start

2024-06-12 13:36:15,065 INFO [capacityManagement] start correct usage

2024-06-12 13:36:15,364 INFO [capacityManagement] end correct usage, cost: 0s

2024-06-12 13:46:14,890 WARN clearConfigHistory start

2024-06-12 13:46:15,402 INFO [capacityManagement] start correct usage

2024-06-12 13:46:15,408 INFO [capacityManagement] end correct usage, cost: 0s

2024-06-12 13:56:14,899 WARN clearConfigHistory start

2024-06-12 13:56:15,413 INFO [capacityManagement] start correct usage

2024-06-12 13:56:15,417 INFO [capacityManagement] end correct usage, cost: 0s

2024-06-12 14:06:14,905 WARN clearConfigHistory start

2024-06-12 14:06:15,420 INFO [capacityManagement] start correct usage

2024-06-12 14:06:15,424 INFO [capacityManagement] end correct usage, cost: 0s

2024-06-12 14:16:14,910 WARN clearConfigHistory start

2024-06-12 14:16:15,429 INFO [capacityManagement] start correct usage

2024-06-12 14:16:15,435 INFO [capacityManagement] end correct usage, cost: 0s

2024-06-12 14:26:14,920 WARN clearConfigHistory start

2024-06-12 14:26:15,437 INFO [capacityManagement] start correct usage

2024-06-12 14:26:15,446 INFO [capacityManagement] end correct usage, cost: 0s

2024-06-12 14:36:14,930 WARN clearConfigHistory start

2024-06-12 14:36:15,450 INFO [capacityManagement] start correct usage

2024-06-12 14:36:15,455 INFO [capacityManagement] end correct usage, cost: 0s

2024-06-12 14:46:14,933 WARN clearConfigHistory start

2024-06-12 14:46:15,457 INFO [capacityManagement] start correct usage

2024-06-12 14:46:15,459 INFO [capacityManagement] end correct usage, cost: 0s

2024-06-12 14:56:14,936 WARN clearConfigHistory start

2024-06-12 14:56:15,461 INFO [capacityManagement] start correct usage

2024-06-12 14:56:15,465 INFO [capacityManagement] end correct usage, cost: 0s

2024-06-12 15:06:14,942 WARN clearConfigHistory start

2024-06-12 15:06:15,468 INFO [capacityManagement] start correct usage

2024-06-12 15:06:15,470 INFO [capacityManagement] end correct usage, cost: 0s

2024-06-12 15:16:14,949 WARN clearConfigHistory start

2024-06-12 15:16:15,476 INFO [capacityManagement] start correct usage

2024-06-12 15:16:15,487 INFO [capacityManagement] end correct usage, cost: 0s

2024-06-12 15:26:14,947 WARN clearConfigHistory start

2024-06-12 15:26:15,486 INFO [capacityManagement] start correct usage

2024-06-12 15:26:15,493 INFO [capacityManagement] end correct usage, cost: 0s

2024-06-12 15:36:14,956 WARN clearConfigHistory start

2024-06-12 15:36:15,498 INFO [capacityManagement] start correct usage

2024-06-12 15:36:15,504 INFO [capacityManagement] end correct usage, cost: 0s

2024-06-12 15:46:14,959 WARN clearConfigHistory start

2024-06-12 15:46:15,505 INFO [capacityManagement] start correct usage

2024-06-12 15:46:15,507 INFO [capacityManagement] end correct usage, cost: 0s

2024-06-12 15:56:14,962 WARN clearConfigHistory start

2024-06-12 15:56:15,510 INFO [capacityManagement] start correct usage

2024-06-12 15:56:15,518 INFO [capacityManagement] end correct usage, cost: 0s

2024-06-12 16:06:14,967 WARN clearConfigHistory start

2024-06-12 16:06:15,522 INFO [capacityManagement] start correct usage

2024-06-12 16:06:15,524 INFO [capacityManagement] end correct usage, cost: 0s

2024-06-12 16:16:14,971 WARN clearConfigHistory start

2024-06-12 16:16:15,526 INFO [capacityManagement] start correct usage

2024-06-12 16:16:15,529 INFO [capacityManagement] end correct usage, cost: 0s

2024-06-12 16:26:14,979 WARN clearConfigHistory start

2024-06-12 16:26:15,531 INFO [capacityManagement] start correct usage

2024-06-12 16:26:15,534 INFO [capacityManagement] end correct usage, cost: 0s

2024-06-12 16:36:14,982 WARN clearConfigHistory start

2024-06-12 16:36:15,538 INFO [capacityManagement] start correct usage

2024-06-12 16:36:15,541 INFO [capacityManagement] end correct usage, cost: 0s

2024-06-12 16:46:14,986 WARN clearConfigHistory start

2024-06-12 16:46:15,564 INFO [capacityManagement] start correct usage

2024-06-12 16:46:15,567 INFO [capacityManagement] end correct usage, cost: 0s

2024-06-12 16:56:14,991 WARN clearConfigHistory start

2024-06-12 16:56:15,582 INFO [capacityManagement] start correct usage

2024-06-12 16:56:15,591 INFO [capacityManagement] end correct usage, cost: 0s

2024-06-12 17:06:14,994 WARN clearConfigHistory start

2024-06-12 17:06:15,594 INFO [capacityManagement] start correct usage

2024-06-12 17:06:15,598 INFO [capacityManagement] end correct usage, cost: 0s

2024-06-12 17:16:15,002 WARN clearConfigHistory start

2024-06-12 17:16:15,600 INFO [capacityManagement] start correct usage

2024-06-12 17:16:15,604 INFO [capacityManagement] end correct usage, cost: 0s

2024-06-12 17:26:15,011 WARN clearConfigHistory start

2024-06-12 17:26:15,605 INFO [capacityManagement] start correct usage

2024-06-12 17:26:15,610 INFO [capacityManagement] end correct usage, cost: 0s

2024-06-12 17:36:15,017 WARN clearConfigHistory start

2024-06-12 17:36:15,612 INFO [capacityManagement] start correct usage

2024-06-12 17:36:15,618 INFO [capacityManagement] end correct usage, cost: 0s

2024-06-12 17:46:15,028 WARN clearConfigHistory start

2024-06-12 17:46:15,621 INFO [capacityManagement] start correct usage

2024-06-12 17:46:15,623 INFO [capacityManagement] end correct usage, cost: 0s

2024-06-12 17:48:45,870 WARN [WatchFileCenter] start close

2024-06-12 17:48:45,875 WARN [WatchFileCenter] start to shutdown this watcher which is watch : /home/nacos/data/tps

2024-06-12 17:48:45,876 WARN [WatchFileCenter] start to shutdown this watcher which is watch : /home/nacos/conf

2024-06-12 17:48:45,877 WARN [WatchFileCenter] start to shutdown this watcher which is watch : /home/nacos/data/loader

2024-06-12 17:48:45,877 WARN [WatchFileCenter] already closed

2024-06-12 17:48:45,891 WARN [ThreadPoolManager] Start destroying ThreadPool

2024-06-12 17:48:45,899 WARN [NotifyCenter] Start destroying Publisher

2024-06-12 17:48:45,900 WARN [NotifyCenter] Destruction of the end

2024-06-12 17:48:45,908 WARN [HttpClientBeanHolder] Start destroying common HttpClient

2024-06-12 17:48:45,913 WARN [HttpClientBeanHolder] Destruction of the end

2024-06-12 17:48:45,948 WARN [ConfigServer-HttpClientManager] Start destroying NacosRestTemplate

2024-06-12 17:48:45,960 WARN [ConfigServer-HttpClientManager] Destruction of the end

2024-06-12 17:48:45,978 INFO Shutting down ExecutorService 'taskScheduler'

2024-06-12 17:48:45,981 INFO Shutting down ExecutorService 'applicationTaskExecutor'

2024-06-12 17:48:48,048 WARN [ThreadPoolManager] Destruction of the end

