2024-06-11 09:19:31,151 INFO raft peers changed: [Member{ip='d6a1a41d65ec', port=8848, state=UP, extendInfo={raftPort=7848, version=2.0.2}}]

2024-06-11 09:19:31,248 INFO initializing Raft sub-system

2024-06-11 09:19:31,248 INFO finish loading all datums, size: 0 cost 0 ms.

2024-06-11 09:19:31,260 INFO cache loaded, datum count: 0, current term: 0

2024-06-11 09:19:31,260 INFO finish to load data from disk, cost: 12 ms.

2024-06-11 09:19:31,276 INFO timer started: leader timeout ms: 15000, heart-beat timeout ms: 5000

2024-06-11 09:19:31,676 INFO add listener: com.alibaba.nacos.naming.domains.meta.

2024-06-11 09:19:33,348 INFO add listener: com.alibaba.nacos.naming.domains.meta.00-00---000-NACOS_SWITCH_DOMAIN-000---00-00

2024-06-11 09:19:36,230 WARN start to close old raft protocol!!!

2024-06-11 09:19:36,230 WARN stop old raft protocol task for notifier

2024-06-11 09:19:36,230 WARN stop old raft protocol task for master task

2024-06-11 09:19:36,230 WARN stop old raft protocol task for heartbeat task

2024-06-11 09:19:36,230 WARN clean old cache datum for old raft

2024-06-11 09:19:36,230 WARN start to close old raft protocol!!!

2024-06-11 09:19:36,230 WARN stop old raft protocol task for notifier

2024-06-11 09:19:36,230 WARN stop old raft protocol task for master task

2024-06-11 09:19:36,230 WARN stop old raft protocol task for heartbeat task

2024-06-11 09:19:36,230 WARN clean old cache datum for old raft

2024-06-11 09:19:36,230 WARN start to move old raft protocol metadata

2024-06-11 09:19:36,232 WARN start to move old raft protocol metadata

