2024-06-11 09:19:36,512 INFO Register tps control,pointName=CONFIG_PUSH_COUNT, point=com.alibaba.nacos.core.remote.control.TpsMonitorPoint@f72203 

2024-06-11 09:19:38,689 INFO Load rule from local,pointName=CONFIG_PUSH_COUNT, ruleContent= 

2024-06-11 09:19:38,699 INFO Apply tps control rule parse start,pointName=[CONFIG_PUSH_COUNT]  

2024-06-11 09:19:38,699 INFO Clear point  control rule ,pointName=[CONFIG_PUSH_COUNT]  

2024-06-11 09:19:38,715 INFO Clear point  control rule for monitorKeys, pointName=[CONFIG_PUSH_COUNT]  

2024-06-11 09:19:38,716 INFO Register tps control,pointName=CONFIG_PUSH_SUCCESS, point=com.alibaba.nacos.core.remote.control.TpsMonitorPoint@377008df 

2024-06-11 09:19:38,718 INFO Load rule from local,pointName=CONFIG_PUSH_SUCCESS, ruleContent= 

2024-06-11 09:19:38,719 INFO Apply tps control rule parse start,pointName=[CONFIG_PUSH_SUCCESS]  

2024-06-11 09:19:38,719 INFO Clear point  control rule ,pointName=[CONFIG_PUSH_SUCCESS]  

2024-06-11 09:19:38,720 INFO Clear point  control rule for monitorKeys, pointName=[CONFIG_PUSH_SUCCESS]  

2024-06-11 09:19:38,721 INFO Register tps control,pointName=CONFIG_PUSH_FAIL, point=com.alibaba.nacos.core.remote.control.TpsMonitorPoint@540dbda9 

2024-06-11 09:19:38,722 INFO Load rule from local,pointName=CONFIG_PUSH_FAIL, ruleContent= 

2024-06-11 09:19:38,722 INFO Apply tps control rule parse start,pointName=[CONFIG_PUSH_FAIL]  

2024-06-11 09:19:38,723 INFO Clear point  control rule ,pointName=[CONFIG_PUSH_FAIL]  

2024-06-11 09:19:38,723 INFO Clear point  control rule for monitorKeys, pointName=[CONFIG_PUSH_FAIL]  

2024-06-11 09:19:59,961 INFO Register tps control,pointName=ConfigQuery, point=com.alibaba.nacos.core.remote.control.TpsMonitorPoint@295bf2a 

2024-06-11 09:19:59,992 INFO Load rule from local,pointName=ConfigQuery, ruleContent= 

2024-06-11 09:20:00,020 INFO Apply tps control rule parse start,pointName=[ConfigQuery]  

2024-06-11 09:20:00,024 INFO Clear point  control rule ,pointName=[ConfigQuery]  

2024-06-11 09:20:00,036 INFO Clear point  control rule for monitorKeys, pointName=[ConfigQuery]  

2024-06-11 09:20:00,052 INFO Register tps control,pointName=ClusterConfigChangeNotify, point=com.alibaba.nacos.core.remote.control.TpsMonitorPoint@bbf9e07 

2024-06-11 09:20:00,068 INFO Load rule from local,pointName=ClusterConfigChangeNotify, ruleContent= 

2024-06-11 09:20:00,084 INFO Apply tps control rule parse start,pointName=[ClusterConfigChangeNotify]  

2024-06-11 09:20:00,089 INFO Clear point  control rule ,pointName=[ClusterConfigChangeNotify]  

2024-06-11 09:20:00,100 INFO Clear point  control rule for monitorKeys, pointName=[ClusterConfigChangeNotify]  

2024-06-11 09:20:00,132 INFO Register tps control,pointName=ConfigListen, point=com.alibaba.nacos.core.remote.control.TpsMonitorPoint@6ff6efdc 

2024-06-11 09:20:00,170 INFO Load rule from local,pointName=ConfigListen, ruleContent= 

2024-06-11 09:20:00,187 INFO Apply tps control rule parse start,pointName=[ConfigListen]  

2024-06-11 09:20:00,207 INFO Clear point  control rule ,pointName=[ConfigListen]  

2024-06-11 09:20:00,218 INFO Clear point  control rule for monitorKeys, pointName=[ConfigListen]  

2024-06-11 09:20:00,237 INFO Register tps control,pointName=ConfigRemove, point=com.alibaba.nacos.core.remote.control.TpsMonitorPoint@2b289ac9 

2024-06-11 09:20:00,267 INFO Load rule from local,pointName=ConfigRemove, ruleContent= 

2024-06-11 09:20:00,299 INFO Apply tps control rule parse start,pointName=[ConfigRemove]  

2024-06-11 09:20:00,320 INFO Clear point  control rule ,pointName=[ConfigRemove]  

2024-06-11 09:20:00,336 INFO Clear point  control rule for monitorKeys, pointName=[ConfigRemove]  

2024-06-11 09:20:00,362 INFO Register tps control,pointName=ConfigPublish, point=com.alibaba.nacos.core.remote.control.TpsMonitorPoint@4eb1c69 

2024-06-11 09:20:00,395 INFO Load rule from local,pointName=ConfigPublish, ruleContent= 

2024-06-11 09:20:00,397 INFO Apply tps control rule parse start,pointName=[ConfigPublish]  

2024-06-11 09:20:00,398 INFO Clear point  control rule ,pointName=[ConfigPublish]  

2024-06-11 09:20:00,433 INFO Clear point  control rule for monitorKeys, pointName=[ConfigPublish]  

2024-06-11 09:20:00,459 INFO Register tps control,pointName=HealthCheck, point=com.alibaba.nacos.core.remote.control.TpsMonitorPoint@73d3e555 

2024-06-11 09:20:00,461 INFO Load rule from local,pointName=HealthCheck, ruleContent= 

2024-06-11 09:20:00,462 INFO Apply tps control rule parse start,pointName=[HealthCheck]  

2024-06-11 09:20:00,462 INFO Clear point  control rule ,pointName=[HealthCheck]  

2024-06-11 09:20:00,473 INFO Clear point  control rule for monitorKeys, pointName=[HealthCheck]  

2024-06-11 09:23:49,497 INFO Register tps control,pointName=NAMING_RPC_PUSH, point=com.alibaba.nacos.core.remote.control.TpsMonitorPoint@7433d77f 

2024-06-11 09:23:49,528 INFO Load rule from local,pointName=NAMING_RPC_PUSH, ruleContent= 

2024-06-11 09:23:49,535 INFO Apply tps control rule parse start,pointName=[NAMING_RPC_PUSH]  

2024-06-11 09:23:49,539 INFO Clear point  control rule ,pointName=[NAMING_RPC_PUSH]  

2024-06-11 09:23:49,548 INFO Clear point  control rule for monitorKeys, pointName=[NAMING_RPC_PUSH]  

2024-06-11 09:23:49,558 INFO Register tps control,pointName=NAMING_RPC_PUSH_SUCCESS, point=com.alibaba.nacos.core.remote.control.TpsMonitorPoint@79977a 

2024-06-11 09:23:49,560 INFO Load rule from local,pointName=NAMING_RPC_PUSH_SUCCESS, ruleContent= 

2024-06-11 09:23:49,569 INFO Apply tps control rule parse start,pointName=[NAMING_RPC_PUSH_SUCCESS]  

2024-06-11 09:23:49,570 INFO Clear point  control rule ,pointName=[NAMING_RPC_PUSH_SUCCESS]  

2024-06-11 09:23:49,570 INFO Clear point  control rule for monitorKeys, pointName=[NAMING_RPC_PUSH_SUCCESS]  

2024-06-11 09:23:49,571 INFO Register tps control,pointName=NAMING_RPC_PUSH_FAIL, point=com.alibaba.nacos.core.remote.control.TpsMonitorPoint@565ea29a 

2024-06-11 09:23:49,573 INFO Load rule from local,pointName=NAMING_RPC_PUSH_FAIL, ruleContent= 

2024-06-11 09:23:49,583 INFO Apply tps control rule parse start,pointName=[NAMING_RPC_PUSH_FAIL]  

2024-06-11 09:23:49,590 INFO Clear point  control rule ,pointName=[NAMING_RPC_PUSH_FAIL]  

2024-06-11 09:23:49,599 INFO Clear point  control rule for monitorKeys, pointName=[NAMING_RPC_PUSH_FAIL]  

2024-06-11 09:23:49,601 INFO Register tps control,pointName=NAMING_UDP_PUSH, point=com.alibaba.nacos.core.remote.control.TpsMonitorPoint@88a53b9 

2024-06-11 09:23:49,608 INFO Load rule from local,pointName=NAMING_UDP_PUSH, ruleContent= 

2024-06-11 09:23:49,612 INFO Apply tps control rule parse start,pointName=[NAMING_UDP_PUSH]  

2024-06-11 09:23:49,618 INFO Clear point  control rule ,pointName=[NAMING_UDP_PUSH]  

2024-06-11 09:23:49,619 INFO Clear point  control rule for monitorKeys, pointName=[NAMING_UDP_PUSH]  

2024-06-11 09:23:49,642 INFO Register tps control,pointName=NAMING_UDP_PUSH_SUCCESS, point=com.alibaba.nacos.core.remote.control.TpsMonitorPoint@6268f5f8 

2024-06-11 09:23:49,648 INFO Load rule from local,pointName=NAMING_UDP_PUSH_SUCCESS, ruleContent= 

2024-06-11 09:23:49,655 INFO Apply tps control rule parse start,pointName=[NAMING_UDP_PUSH_SUCCESS]  

2024-06-11 09:23:49,660 INFO Clear point  control rule ,pointName=[NAMING_UDP_PUSH_SUCCESS]  

2024-06-11 09:23:49,664 INFO Clear point  control rule for monitorKeys, pointName=[NAMING_UDP_PUSH_SUCCESS]  

2024-06-11 09:23:49,668 INFO Register tps control,pointName=NAMING_UDP_PUSH_FAIL, point=com.alibaba.nacos.core.remote.control.TpsMonitorPoint@2e667c88 

2024-06-11 09:23:49,678 INFO Load rule from local,pointName=NAMING_UDP_PUSH_FAIL, ruleContent= 

2024-06-11 09:23:49,686 INFO Apply tps control rule parse start,pointName=[NAMING_UDP_PUSH_FAIL]  

2024-06-11 09:23:49,688 INFO Clear point  control rule ,pointName=[NAMING_UDP_PUSH_FAIL]  

2024-06-11 09:23:49,698 INFO Clear point  control rule for monitorKeys, pointName=[NAMING_UDP_PUSH_FAIL]  

2024-06-11 09:23:49,709 INFO Register tps control,pointName=NAMING_DISTRO_SYNC, point=com.alibaba.nacos.core.remote.control.TpsMonitorPoint@d0f51ac 

2024-06-11 09:23:49,721 INFO Load rule from local,pointName=NAMING_DISTRO_SYNC, ruleContent= 

2024-06-11 09:23:49,729 INFO Apply tps control rule parse start,pointName=[NAMING_DISTRO_SYNC]  

2024-06-11 09:23:49,741 INFO Clear point  control rule ,pointName=[NAMING_DISTRO_SYNC]  

2024-06-11 09:23:49,744 INFO Clear point  control rule for monitorKeys, pointName=[NAMING_DISTRO_SYNC]  

2024-06-11 09:23:49,745 INFO Register tps control,pointName=NAMING_DISTRO_SYNC_SUCCESS, point=com.alibaba.nacos.core.remote.control.TpsMonitorPoint@5742cc2f 

2024-06-11 09:23:49,748 INFO Load rule from local,pointName=NAMING_DISTRO_SYNC_SUCCESS, ruleContent= 

2024-06-11 09:23:49,750 INFO Apply tps control rule parse start,pointName=[NAMING_DISTRO_SYNC_SUCCESS]  

2024-06-11 09:23:49,757 INFO Clear point  control rule ,pointName=[NAMING_DISTRO_SYNC_SUCCESS]  

2024-06-11 09:23:49,758 INFO Clear point  control rule for monitorKeys, pointName=[NAMING_DISTRO_SYNC_SUCCESS]  

2024-06-11 09:23:49,759 INFO Register tps control,pointName=NAMING_DISTRO_SYNC_FAIL, point=com.alibaba.nacos.core.remote.control.TpsMonitorPoint@72a0240a 

2024-06-11 09:23:49,760 INFO Load rule from local,pointName=NAMING_DISTRO_SYNC_FAIL, ruleContent= 

2024-06-11 09:23:49,761 INFO Apply tps control rule parse start,pointName=[NAMING_DISTRO_SYNC_FAIL]  

2024-06-11 09:23:49,767 INFO Clear point  control rule ,pointName=[NAMING_DISTRO_SYNC_FAIL]  

2024-06-11 09:23:49,772 INFO Clear point  control rule for monitorKeys, pointName=[NAMING_DISTRO_SYNC_FAIL]  

2024-06-11 09:23:49,782 INFO Register tps control,pointName=NAMING_DISTRO_VERIFY, point=com.alibaba.nacos.core.remote.control.TpsMonitorPoint@6fbf84ea 

2024-06-11 09:23:49,783 INFO Load rule from local,pointName=NAMING_DISTRO_VERIFY, ruleContent= 

2024-06-11 09:23:49,789 INFO Apply tps control rule parse start,pointName=[NAMING_DISTRO_VERIFY]  

2024-06-11 09:23:49,790 INFO Clear point  control rule ,pointName=[NAMING_DISTRO_VERIFY]  

2024-06-11 09:23:49,799 INFO Clear point  control rule for monitorKeys, pointName=[NAMING_DISTRO_VERIFY]  

2024-06-11 09:23:49,800 INFO Register tps control,pointName=NAMING_DISTRO_VERIFY_SUCCESS, point=com.alibaba.nacos.core.remote.control.TpsMonitorPoint@18ca3a80 

2024-06-11 09:23:49,809 INFO Load rule from local,pointName=NAMING_DISTRO_VERIFY_SUCCESS, ruleContent= 

2024-06-11 09:23:49,820 INFO Apply tps control rule parse start,pointName=[NAMING_DISTRO_VERIFY_SUCCESS]  

2024-06-11 09:23:49,821 INFO Clear point  control rule ,pointName=[NAMING_DISTRO_VERIFY_SUCCESS]  

2024-06-11 09:23:49,827 INFO Clear point  control rule for monitorKeys, pointName=[NAMING_DISTRO_VERIFY_SUCCESS]  

2024-06-11 09:23:49,834 INFO Register tps control,pointName=NAMING_DISTRO_VERIFY_FAIL, point=com.alibaba.nacos.core.remote.control.TpsMonitorPoint@5928be02 

2024-06-11 09:23:49,847 INFO Load rule from local,pointName=NAMING_DISTRO_VERIFY_FAIL, ruleContent= 

2024-06-11 09:23:49,858 INFO Apply tps control rule parse start,pointName=[NAMING_DISTRO_VERIFY_FAIL]  

2024-06-11 09:23:49,859 INFO Clear point  control rule ,pointName=[NAMING_DISTRO_VERIFY_FAIL]  

2024-06-11 09:23:49,859 INFO Clear point  control rule for monitorKeys, pointName=[NAMING_DISTRO_VERIFY_FAIL]  

